# JRE version: OpenJDK Runtime Environment (21.0.6) (build 21.0.6+-13355223-b631.42)
# Java VM: OpenJDK 64-Bit Server VM (21.0.6+-13355223-b631.42, mixed mode, tiered, compressed oops, compressed class ptrs, g1 gc, windows-amd64)
GC Precious Log:
 CardTable entry size: 512
 Card Set container configuration: InlinePtr #cards 5 size 8 Array Of Cards #cards 12 size 40 Howl #buckets 4 coarsen threshold 1843 Howl Bitmap #cards 512 size 80 coarsen threshold 460 Card regions per heap region 1 cards per card region 2048
 CPUs: 12 total, 12 available
 Memory: 32688M
 Large Page Support: Disabled
 NUMA Support: Disabled
 Compressed Oops: Enabled (32-bit)
 Heap Region Size: 1M
 Heap Min Capacity: 8M
 Heap Initial Capacity: 512M
 Heap Max Capacity: 2G
 Pre-touch: Disabled
 Parallel Workers: 10
 Concurrent Workers: 3
 Concurrent Refinement Workers: 10
 Periodic GC: Disabled
Heap:
 garbage-first heap   total 189440K, used 172204K [0x0000000080000000, 0x0000000100000000)
  region size 1024K, 84 young (86016K), 10 survivors (10240K)
 Metaspace       used 117738K, committed 119936K, reserved 1179648K
  class space    used 15896K, committed 17024K, reserved 1048576K
GC Heap History (20 events):
Event: 5.888 GC heap after
{Heap after GC invocations=17 (full 0):
 garbage-first heap   total 147456K, used 55482K [0x0000000080000000, 0x0000000100000000)
  region size 1024K, 5 young (5120K), 5 survivors (5120K)
 Metaspace       used 74110K, committed 75776K, reserved 1179648K
  class space    used 9890K, committed 10688K, reserved 1048576K
}
Event: 6.568 GC heap before
{Heap before GC invocations=18 (full 0):
 garbage-first heap   total 147456K, used 140474K [0x0000000080000000, 0x0000000100000000)
  region size 1024K, 78 young (79872K), 5 survivors (5120K)
 Metaspace       used 80303K, committed 82048K, reserved 1179648K
  class space    used 10590K, committed 11456K, reserved 1048576K
}
Event: 6.571 GC heap after
{Heap after GC invocations=19 (full 0):
 garbage-first heap   total 154624K, used 73278K [0x0000000080000000, 0x0000000100000000)
  region size 1024K, 10 young (10240K), 10 survivors (10240K)
 Metaspace       used 80303K, committed 82048K, reserved 1179648K
  class space    used 10590K, committed 11456K, reserved 1048576K
}
Event: 6.983 GC heap before
{Heap before GC invocations=19 (full 0):
 garbage-first heap   total 154624K, used 138814K [0x0000000080000000, 0x0000000100000000)
  region size 1024K, 70 young (71680K), 10 survivors (10240K)
 Metaspace       used 85400K, committed 87296K, reserved 1179648K
  class space    used 11280K, committed 12224K, reserved 1048576K
}
Event: 6.988 GC heap after
{Heap after GC invocations=20 (full 0):
 garbage-first heap   total 157696K, used 79751K [0x0000000080000000, 0x0000000100000000)
  region size 1024K, 6 young (6144K), 6 survivors (6144K)
 Metaspace       used 85400K, committed 87296K, reserved 1179648K
  class space    used 11280K, committed 12224K, reserved 1048576K
}
Event: 7.482 GC heap before
{Heap before GC invocations=20 (full 0):
 garbage-first heap   total 157696K, used 142215K [0x0000000080000000, 0x0000000100000000)
  region size 1024K, 67 young (68608K), 6 survivors (6144K)
 Metaspace       used 91779K, committed 93632K, reserved 1179648K
  class space    used 12067K, committed 12992K, reserved 1048576K
}
Event: 7.485 GC heap after
{Heap after GC invocations=21 (full 0):
 garbage-first heap   total 157696K, used 83162K [0x0000000080000000, 0x0000000100000000)
  region size 1024K, 4 young (4096K), 4 survivors (4096K)
 Metaspace       used 91779K, committed 93632K, reserved 1179648K
  class space    used 12067K, committed 12992K, reserved 1048576K
}
Event: 7.931 GC heap before
{Heap before GC invocations=22 (full 0):
 garbage-first heap   total 157696K, used 143578K [0x0000000080000000, 0x0000000100000000)
  region size 1024K, 63 young (64512K), 4 survivors (4096K)
 Metaspace       used 96401K, committed 98240K, reserved 1179648K
  class space    used 12734K, committed 13632K, reserved 1048576K
}
Event: 7.934 GC heap after
{Heap after GC invocations=23 (full 0):
 garbage-first heap   total 157696K, used 85905K [0x0000000080000000, 0x0000000100000000)
  region size 1024K, 7 young (7168K), 7 survivors (7168K)
 Metaspace       used 96401K, committed 98240K, reserved 1179648K
  class space    used 12734K, committed 13632K, reserved 1048576K
}
Event: 8.223 GC heap before
{Heap before GC invocations=23 (full 0):
 garbage-first heap   total 157696K, used 140177K [0x0000000080000000, 0x0000000100000000)
  region size 1024K, 60 young (61440K), 7 survivors (7168K)
 Metaspace       used 98852K, committed 100800K, reserved 1179648K
  class space    used 13046K, committed 14016K, reserved 1048576K
}
Event: 8.227 GC heap after
{Heap after GC invocations=24 (full 0):
 garbage-first heap   total 157696K, used 89484K [0x0000000080000000, 0x0000000100000000)
  region size 1024K, 8 young (8192K), 8 survivors (8192K)
 Metaspace       used 98852K, committed 100800K, reserved 1179648K
  class space    used 13046K, committed 14016K, reserved 1048576K
}
Event: 8.320 GC heap before
{Heap before GC invocations=24 (full 0):
 garbage-first heap   total 157696K, used 102796K [0x0000000080000000, 0x0000000100000000)
  region size 1024K, 22 young (22528K), 8 survivors (8192K)
 Metaspace       used 99949K, committed 101888K, reserved 1179648K
  class space    used 13201K, committed 14144K, reserved 1048576K
}
Event: 8.323 GC heap after
{Heap after GC invocations=25 (full 0):
 garbage-first heap   total 157696K, used 90372K [0x0000000080000000, 0x0000000100000000)
  region size 1024K, 5 young (5120K), 5 survivors (5120K)
 Metaspace       used 99949K, committed 101888K, reserved 1179648K
  class space    used 13201K, committed 14144K, reserved 1048576K
}
Event: 8.733 GC heap before
{Heap before GC invocations=26 (full 0):
 garbage-first heap   total 157696K, used 143620K [0x0000000080000000, 0x0000000100000000)
  region size 1024K, 56 young (57344K), 5 survivors (5120K)
 Metaspace       used 104481K, committed 106432K, reserved 1179648K
  class space    used 14005K, committed 14976K, reserved 1048576K
}
Event: 8.736 GC heap after
{Heap after GC invocations=27 (full 0):
 garbage-first heap   total 157696K, used 92231K [0x0000000080000000, 0x0000000100000000)
  region size 1024K, 3 young (3072K), 3 survivors (3072K)
 Metaspace       used 104481K, committed 106432K, reserved 1179648K
  class space    used 14005K, committed 14976K, reserved 1048576K
}
Event: 9.113 GC heap before
{Heap before GC invocations=27 (full 0):
 garbage-first heap   total 157696K, used 144455K [0x0000000080000000, 0x0000000100000000)
  region size 1024K, 54 young (55296K), 3 survivors (3072K)
 Metaspace       used 108793K, committed 110848K, reserved 1179648K
  class space    used 14620K, committed 15680K, reserved 1048576K
}
Event: 9.116 GC heap after
{Heap after GC invocations=28 (full 0):
 garbage-first heap   total 157696K, used 93837K [0x0000000080000000, 0x0000000100000000)
  region size 1024K, 5 young (5120K), 5 survivors (5120K)
 Metaspace       used 108793K, committed 110848K, reserved 1179648K
  class space    used 14620K, committed 15680K, reserved 1048576K
}
Event: 9.514 GC heap before
{Heap before GC invocations=28 (full 0):
 garbage-first heap   total 157696K, used 142989K [0x0000000080000000, 0x0000000100000000)
  region size 1024K, 53 young (54272K), 5 survivors (5120K)
 Metaspace       used 114162K, committed 116288K, reserved 1179648K
  class space    used 15392K, committed 16448K, reserved 1048576K
}
Event: 9.518 GC heap after
{Heap after GC invocations=29 (full 0):
 garbage-first heap   total 189440K, used 96428K [0x0000000080000000, 0x0000000100000000)
  region size 1024K, 6 young (6144K), 6 survivors (6144K)
 Metaspace       used 114162K, committed 116288K, reserved 1179648K
  class space    used 15392K, committed 16448K, reserved 1048576K
}
Event: 9.994 GC heap before
{Heap before GC invocations=30 (full 0):
 garbage-first heap   total 189440K, used 172204K [0x0000000080000000, 0x0000000100000000)
  region size 1024K, 80 young (81920K), 6 survivors (6144K)
 Metaspace       used 117738K, committed 119936K, reserved 1179648K
  class space    used 15896K, committed 17024K, reserved 1048576K
}

